d:\my work\game engine\main\cast\cast\debug\vc142.pdb
d:\my work\game engine\main\cast\cast\debug\vc142.idb
d:\my work\game engine\main\cast\cast\debug\window.obj
d:\my work\game engine\main\cast\cast\debug\vertexshader.obj
d:\my work\game engine\main\cast\cast\debug\vertexbuffer.obj
d:\my work\game engine\main\cast\cast\debug\swapchain.obj
d:\my work\game engine\main\cast\cast\debug\pixelshader.obj
d:\my work\game engine\main\cast\cast\debug\main.obj
d:\my work\game engine\main\cast\cast\debug\inputsystem.obj
d:\my work\game engine\main\cast\cast\debug\indexbuffer.obj
d:\my work\game engine\main\cast\cast\debug\graphicsengine.obj
d:\my work\game engine\main\cast\cast\debug\devicecontext.obj
d:\my work\game engine\main\cast\cast\debug\constantbuffer.obj
d:\my work\game engine\main\cast\cast\debug\appwindow.obj
d:\my work\game engine\main\cast\debug\cast.ilk
d:\my work\game engine\main\cast\debug\cast.exe
d:\my work\game engine\main\cast\debug\cast.pdb
d:\my work\game engine\main\cast\cast\debug\cast.res
d:\my work\game engine\main\cast\cast\debug\cast.tlog\cl.command.1.tlog
d:\my work\game engine\main\cast\cast\debug\cast.tlog\cl.read.1.tlog
d:\my work\game engine\main\cast\cast\debug\cast.tlog\cl.write.1.tlog
d:\my work\game engine\main\cast\cast\debug\cast.tlog\link.command.1.tlog
d:\my work\game engine\main\cast\cast\debug\cast.tlog\link.read.1.tlog
d:\my work\game engine\main\cast\cast\debug\cast.tlog\link.write.1.tlog
d:\my work\game engine\main\cast\cast\debug\cast.tlog\rc.command.1.tlog
d:\my work\game engine\main\cast\cast\debug\cast.tlog\rc.read.1.tlog
d:\my work\game engine\main\cast\cast\debug\cast.tlog\rc.write.1.tlog
